{"contracts\\SwagToken.sol":{"l":{"15":0,"16":0,"17":0,"21":0,"22":0,"26":0,"27":0,"31":0,"32":0,"36":0,"37":0,"41":0,"45":0,"46":0,"50":0,"51":0,"55":0,"56":0},"path":"E:\\Projects\\Mammoth\\SWAG-TOKEN\\contracts\\SwagToken.sol","s":{"1":0,"2":0,"3":0,"4":0,"5":0,"6":0,"7":0,"8":0,"9":0,"10":0,"11":0,"12":0,"13":0,"14":0,"15":0,"16":0,"17":0},"b":{"1":[0,0],"2":[0,0],"3":[0,0]},"f":{"1":0,"2":0,"3":0,"4":0,"5":0,"6":0,"7":0,"8":0,"9":0},"fnMap":{"1":{"name":"constructor","line":14,"loc":{"start":{"line":14,"column":2},"end":{"line":18,"column":2}}},"2":{"name":"onlyAdmin","line":20,"loc":{"start":{"line":20,"column":2},"end":{"line":23,"column":2}}},"3":{"name":"mint","line":25,"loc":{"start":{"line":25,"column":2},"end":{"line":28,"column":2}}},"4":{"name":"burn","line":30,"loc":{"start":{"line":30,"column":2},"end":{"line":33,"column":2}}},"5":{"name":"transfer","line":35,"loc":{"start":{"line":35,"column":2},"end":{"line":38,"column":2}}},"6":{"name":"allowance","line":40,"loc":{"start":{"line":40,"column":2},"end":{"line":42,"column":2}}},"7":{"name":"approve","line":44,"loc":{"start":{"line":44,"column":2},"end":{"line":47,"column":2}}},"8":{"name":"increaseAllowance","line":49,"loc":{"start":{"line":49,"column":2},"end":{"line":52,"column":2}}},"9":{"name":"decreaseAllowance","line":54,"loc":{"start":{"line":54,"column":2},"end":{"line":57,"column":2}}}},"statementMap":{"1":{"start":{"line":15,"column":4},"end":{"line":15,"column":42}},"2":{"start":{"line":16,"column":4},"end":{"line":16,"column":21}},"3":{"start":{"line":17,"column":4},"end":{"line":17,"column":47}},"4":{"start":{"line":21,"column":4},"end":{"line":21,"column":46}},"5":{"start":{"line":26,"column":4},"end":{"line":26,"column":72}},"6":{"start":{"line":27,"column":4},"end":{"line":27,"column":20}},"7":{"start":{"line":31,"column":4},"end":{"line":31,"column":72}},"8":{"start":{"line":32,"column":4},"end":{"line":32,"column":31}},"9":{"start":{"line":36,"column":4},"end":{"line":36,"column":36}},"10":{"start":{"line":37,"column":4},"end":{"line":37,"column":15}},"11":{"start":{"line":41,"column":4},"end":{"line":41,"column":42}},"12":{"start":{"line":45,"column":4},"end":{"line":45,"column":33}},"13":{"start":{"line":46,"column":4},"end":{"line":46,"column":15}},"14":{"start":{"line":50,"column":4},"end":{"line":50,"column":47}},"15":{"start":{"line":51,"column":4},"end":{"line":51,"column":15}},"16":{"start":{"line":55,"column":4},"end":{"line":55,"column":52}},"17":{"start":{"line":56,"column":4},"end":{"line":56,"column":15}}},"branchMap":{"1":{"line":21,"type":"if","locations":[{"start":{"line":21,"column":4},"end":{"line":21,"column":4}},{"start":{"line":21,"column":4},"end":{"line":21,"column":4}}]},"2":{"line":26,"type":"if","locations":[{"start":{"line":26,"column":4},"end":{"line":26,"column":4}},{"start":{"line":26,"column":4},"end":{"line":26,"column":4}}]},"3":{"line":31,"type":"if","locations":[{"start":{"line":31,"column":4},"end":{"line":31,"column":4}},{"start":{"line":31,"column":4},"end":{"line":31,"column":4}}]}}}}